<?xml version="1.0" encoding="UTF-8"?>
<!-- Generated by org.testng.reporters.JUnitReportReporter -->
<testsuite skipped="0" hostname="LIPL-HO-L-032" name="Selenium.Accordion" tests="1" failures="0" timestamp="18 Sep 2018 07:43:19 GMT" time="25.861" errors="0">
  <testcase name="allA1" time="25.861" classname="Selenium.Accordion"/>
</testsuite> <!-- Selenium.Accordion -->
