<?xml version="1.0" encoding="UTF-8"?>
<!-- Generated by org.testng.reporters.JUnitReportReporter -->
<testsuite skipped="0" hostname="LIPL-HO-L-032" name="Selenium.MySqlReadData" tests="1" failures="0" timestamp="13 Sep 2018 05:24:35 GMT" time="2.153" errors="0">
  <testcase name="printTableData" time="2.153" classname="Selenium.MySqlReadData"/>
</testsuite> <!-- Selenium.MySqlReadData -->
