<?xml version="1.0" encoding="UTF-8"?>
<!-- Generated by org.testng.reporters.JUnitReportReporter -->
<testsuite skipped="0" hostname="LIPL-HO-L-032" name="Selenium.ToolTip" tests="2" failures="0" timestamp="14 Sep 2018 05:53:34 GMT" time="36.656" errors="0">
  <testcase name="toolTipTestingwithAnotherImage" time="18.004" classname="Selenium.ToolTip"/>
  <testcase name="toolTipTestingwithTitle" time="18.652" classname="Selenium.ToolTip"/>
</testsuite> <!-- Selenium.ToolTip -->
