<?xml version="1.0" encoding="UTF-8"?>
<!-- Generated by org.testng.reporters.JUnitReportReporter -->
<testsuite skipped="0" hostname="LIPL-HO-L-032" name="Selenium.multipleSelection" tests="1" failures="0" timestamp="17 Sep 2018 07:17:43 GMT" time="19.967" errors="0">
  <testcase name="multipleSelect" time="19.967" classname="Selenium.multipleSelection"/>
</testsuite> <!-- Selenium.multipleSelection -->
