<?xml version="1.0" encoding="UTF-8"?>
<!-- Generated by org.testng.reporters.JUnitReportReporter -->
<testsuite skipped="0" hostname="LIPL-HO-L-032" name="Selenium.dragAndDrop" tests="1" failures="0" timestamp="14 Sep 2018 11:32:34 GMT" time="15.282" errors="0">
  <testcase name="dragandDrop" time="15.282" classname="Selenium.dragAndDrop"/>
</testsuite> <!-- Selenium.dragAndDrop -->
